0 info it worked if it ends with ok
1 verbose cli [ '/Users/michael/.nvm/versions/node/v6.3.1/bin/node',
1 verbose cli   '/Users/michael/.nvm/versions/node/v6.3.1/bin/npm',
1 verbose cli   'run',
1 verbose cli   'dev-server' ]
2 info using npm@3.10.3
3 info using node@v6.3.1
4 verbose run-script [ 'predev-server', 'dev-server', 'postdev-server' ]
5 info lifecycle boilerplate-react-webpack2@1.0.0~predev-server: boilerplate-react-webpack2@1.0.0
6 silly lifecycle boilerplate-react-webpack2@1.0.0~predev-server: no script for predev-server, continuing
7 info lifecycle boilerplate-react-webpack2@1.0.0~dev-server: boilerplate-react-webpack2@1.0.0
8 verbose lifecycle boilerplate-react-webpack2@1.0.0~dev-server: unsafe-perm in lifecycle true
9 verbose lifecycle boilerplate-react-webpack2@1.0.0~dev-server: PATH: /Users/michael/.nvm/versions/node/v6.3.1/lib/node_modules/npm/bin/node-gyp-bin:/Users/michael/misc_workspace/Private/Web-Projects/React/00. Boilerplates/01. React, Webpack 2/node_modules/.bin:/Users/michael/.nvm/versions/node/v6.3.1/bin:/Users/michael/.nvm/versions/node/v6.3.1/bin:/Users/michael/bin:/usr/local/bin:/usr/bin:/bin:/usr/sbin:/sbin
10 verbose lifecycle boilerplate-react-webpack2@1.0.0~dev-server: CWD: /Users/michael/misc_workspace/Private/Web-Projects/React/00. Boilerplates/01. React, Webpack 2
11 silly lifecycle boilerplate-react-webpack2@1.0.0~dev-server: Args: [ '-c', 'webpack-dev-server' ]
12 silly lifecycle boilerplate-react-webpack2@1.0.0~dev-server: Returned: code: 1  signal: null
13 info lifecycle boilerplate-react-webpack2@1.0.0~dev-server: Failed to exec dev-server script
14 verbose stack Error: boilerplate-react-webpack2@1.0.0 dev-server: `webpack-dev-server`
14 verbose stack Exit status 1
14 verbose stack     at EventEmitter.<anonymous> (/Users/michael/.nvm/versions/node/v6.3.1/lib/node_modules/npm/lib/utils/lifecycle.js:242:16)
14 verbose stack     at emitTwo (events.js:106:13)
14 verbose stack     at EventEmitter.emit (events.js:191:7)
14 verbose stack     at ChildProcess.<anonymous> (/Users/michael/.nvm/versions/node/v6.3.1/lib/node_modules/npm/lib/utils/spawn.js:40:14)
14 verbose stack     at emitTwo (events.js:106:13)
14 verbose stack     at ChildProcess.emit (events.js:191:7)
14 verbose stack     at maybeClose (internal/child_process.js:852:16)
14 verbose stack     at Process.ChildProcess._handle.onexit (internal/child_process.js:215:5)
15 verbose pkgid boilerplate-react-webpack2@1.0.0
16 verbose cwd /Users/michael/misc_workspace/Private/Web-Projects/React/00. Boilerplates/01. React, Webpack 2
17 error Darwin 15.6.0
18 error argv "/Users/michael/.nvm/versions/node/v6.3.1/bin/node" "/Users/michael/.nvm/versions/node/v6.3.1/bin/npm" "run" "dev-server"
19 error node v6.3.1
20 error npm  v3.10.3
21 error code ELIFECYCLE
22 error boilerplate-react-webpack2@1.0.0 dev-server: `webpack-dev-server`
22 error Exit status 1
23 error Failed at the boilerplate-react-webpack2@1.0.0 dev-server script 'webpack-dev-server'.
23 error Make sure you have the latest version of node.js and npm installed.
23 error If you do, this is most likely a problem with the boilerplate-react-webpack2 package,
23 error not with npm itself.
23 error Tell the author that this fails on your system:
23 error     webpack-dev-server
23 error You can get information on how to open an issue for this project with:
23 error     npm bugs boilerplate-react-webpack2
23 error Or if that isn't available, you can get their info via:
23 error     npm owner ls boilerplate-react-webpack2
23 error There is likely additional logging output above.
24 verbose exit [ 1, true ]
